<?xml version="1.0" encoding="UTF-8"?>
<!-- Generated by org.testng.reporters.JUnitReportReporter -->
<testsuite hostname="LAPTOP-Q0O87TP0" failures="0" tests="2" name="apps.pets.BlogTest" time="8.390" errors="0" timestamp="24 Jun 2022 02:52:22 GMT" skipped="0">
  <testcase classname="apps.pets.BlogTest" name="newtab" time="3.985"/>
  <testcase classname="apps.pets.BlogTest" name="Release" time="4.405"/>
</testsuite> <!-- apps.pets.BlogTest -->
