<?xml version="1.0" encoding="UTF-8"?>
<!-- Generated by org.testng.reporters.JUnitReportReporter -->
<testsuite hostname="LAPTOP-Q0O87TP0" failures="0" tests="10" name="apps.pets.DogsTest" time="36.848" errors="0" timestamp="24 Jun 2022 02:52:22 GMT" skipped="0">
  <testcase classname="apps.pets.DogsTest" name="SpottedDalmationDesc" time="3.531"/>
  <testcase classname="apps.pets.DogsTest" name="AdultMaleLabradorRetrieverDesc" time="3.891"/>
  <testcase classname="apps.pets.DogsTest" name="SpotlessDalmationDesc" time="3.660"/>
  <testcase classname="apps.pets.DogsTest" name="AdultFemaleLabradorRetrieverDesc" time="3.701"/>
  <testcase classname="apps.pets.DogsTest" name="GoldenRetrieverDesc" time="3.872"/>
  <testcase classname="apps.pets.DogsTest" name="AdultFemaleChihuahuaDesc" time="3.661"/>
  <testcase classname="apps.pets.DogsTest" name="PoodleDesc" time="3.739"/>
  <testcase classname="apps.pets.DogsTest" name="AdultMaleChihuahuaDesc" time="3.586"/>
  <testcase classname="apps.pets.DogsTest" name="MaleAdultBulldogDesc" time="3.653"/>
  <testcase classname="apps.pets.DogsTest" name="FemalePuppyBulldogDesc" time="3.554"/>
</testsuite> <!-- apps.pets.DogsTest -->
