<?xml version="1.0" encoding="UTF-8"?>
<!-- Generated by org.testng.reporters.JUnitReportReporter -->
<testsuite hostname="LAPTOP-Q0O87TP0" failures="0" tests="7" name="apps.pets.FishTest" time="26.829" errors="0" timestamp="24 Jun 2022 02:52:22 GMT" skipped="0">
  <testcase classname="apps.pets.FishTest" name="smallAngelfishDesc" time="3.484"/>
  <testcase classname="apps.pets.FishTest" name="SharkDesc" time="3.947"/>
  <testcase classname="apps.pets.FishTest" name="NonSpottedKoiDesc" time="3.608"/>
  <testcase classname="apps.pets.FishTest" name="largeAngelfishDesc" time="3.630"/>
  <testcase classname="apps.pets.FishTest" name="SpottedKoiDesc" time="3.735"/>
  <testcase classname="apps.pets.FishTest" name="FemaleGoldFishDesc" time="4.942"/>
  <testcase classname="apps.pets.FishTest" name="MaleGoldFishDesc" time="3.483"/>
</testsuite> <!-- apps.pets.FishTest -->
