<?xml version="1.0" encoding="UTF-8"?>
<!-- Generated by org.testng.reporters.JUnitReportReporter -->
<testsuite hostname="LAPTOP-Q0O87TP0" failures="0" tests="2" name="apps.pets.BirdsTest" time="7.079" errors="0" timestamp="24 Jun 2022 02:52:22 GMT" skipped="0">
  <testcase classname="apps.pets.BirdsTest" name="AmazonParrotDesc" time="3.565"/>
  <testcase classname="apps.pets.BirdsTest" name="FinchDesc" time="3.514"/>
</testsuite> <!-- apps.pets.BirdsTest -->
