<?xml version="1.0" encoding="UTF-8"?>
<!-- Generated by org.testng.reporters.JUnitReportReporter -->
<testsuite hostname="LAPTOP-Q0O87TP0" failures="0" tests="16" name="apps.pets.CartTest" time="116.257" errors="0" timestamp="24 Jun 2022 02:52:22 GMT" skipped="0">
  <testcase classname="apps.pets.CartTest" name="UpdateSharkQtyCart" time="4.074"/>
  <testcase classname="apps.pets.CartTest" name="PersianCatCarted" time="3.787"/>
  <testcase classname="apps.pets.CartTest" name="UpdatePersianCatQty" time="12.122"/>
  <testcase classname="apps.pets.CartTest" name="LoggedinSharkCart" time="4.651"/>
  <testcase classname="apps.pets.CartTest" name="LoggedinParrotCart" time="4.449"/>
  <testcase classname="apps.pets.CartTest" name="UpdateMaleBullDogQty" time="14.140"/>
  <testcase classname="apps.pets.CartTest" name="ParrotCarted" time="18.957"/>
  <testcase classname="apps.pets.CartTest" name="UpdateVenomlessSnakeQty" time="14.040"/>
  <testcase classname="apps.pets.CartTest" name="UpdateParrotQtyCart" time="12.128"/>
  <testcase classname="apps.pets.CartTest" name="BullDogCarted" time="3.774"/>
  <testcase classname="apps.pets.CartTest" name="RattleSnakeCarted" time="3.879"/>
  <testcase classname="apps.pets.CartTest" name="TigerSharkCarted" time="3.730"/>
  <testcase classname="apps.pets.CartTest" name="LoggedinRattleSnakeCarted" time="4.783"/>
  <testcase classname="apps.pets.CartTest" name="Cart" time="2.990"/>
  <testcase classname="apps.pets.CartTest" name="LoggedinPersianCatCarted" time="4.356"/>
  <testcase classname="apps.pets.CartTest" name="LoggedinBullDogCarted" time="4.397"/>
</testsuite> <!-- apps.pets.CartTest -->
