<?xml version="1.0" encoding="UTF-8"?>
<!-- Generated by org.testng.reporters.JUnitReportReporter -->
<testsuite hostname="LAPTOP-Q0O87TP0" failures="0" tests="3" name="apps.pets.RegisterTest" time="18.129" errors="0" timestamp="24 Jun 2022 02:52:22 GMT" skipped="0">
  <testcase classname="apps.pets.RegisterTest" name="RegisterAnAccount" time="4.330"/>
  <testcase classname="apps.pets.RegisterTest" name="InvalidRegisterAccount" time="4.540"/>
  <testcase classname="apps.pets.RegisterTest" name="Create2ndAccount" time="9.259"/>
</testsuite> <!-- apps.pets.RegisterTest -->
