<?xml version="1.0" encoding="UTF-8"?>
<!-- Generated by org.testng.reporters.JUnitReportReporter -->
<testsuite hostname="LAPTOP-Q0O87TP0" failures="0" tests="5" name="apps.pets.SearchTest" time="73.416" errors="0" timestamp="24 Jun 2022 02:52:22 GMT" skipped="0">
  <testcase classname="apps.pets.SearchTest" name="SearchInvaliditem" time="5.082"/>
  <testcase classname="apps.pets.SearchTest" name="SearchSnake" time="5.279"/>
  <testcase classname="apps.pets.SearchTest" name="SearchValiditem" time="5.227"/>
  <testcase classname="apps.pets.SearchTest" name="searchMultiplePetsWithExcel" time="29.314"/>
  <testcase classname="apps.pets.SearchTest" name="Searchmultiplepets" time="28.514"/>
</testsuite> <!-- apps.pets.SearchTest -->
