<?xml version="1.0" encoding="UTF-8"?>
<!-- Generated by org.testng.reporters.JUnitReportReporter -->
<testsuite hostname="LAPTOP-Q0O87TP0" failures="0" tests="7" name="apps.pets.AccountsTest" time="45.243" errors="0" timestamp="24 Jun 2022 02:52:22 GMT" skipped="0">
  <testcase classname="apps.pets.AccountsTest" name="FavoriteCategoryReptiles" time="4.089"/>
  <testcase classname="apps.pets.AccountsTest" name="UpdatepassWord" time="3.917"/>
  <testcase classname="apps.pets.AccountsTest" name="FavoriteCategoryDog" time="4.372"/>
  <testcase classname="apps.pets.AccountsTest" name="FavoriteCategoryCat" time="4.168"/>
  <testcase classname="apps.pets.AccountsTest" name="FavoriteCategoryFish" time="3.954"/>
  <testcase classname="apps.pets.AccountsTest" name="UpdateAccountPhoneNumber" time="20.323"/>
  <testcase classname="apps.pets.AccountsTest" name="FavoriteCategoryBirds" time="4.420"/>
</testsuite> <!-- apps.pets.AccountsTest -->
