<?xml version="1.0" encoding="UTF-8"?>
<!-- Generated by org.testng.reporters.JUnitReportReporter -->
<testsuite hostname="LAPTOP-Q0O87TP0" failures="0" tests="3" name="apps.pets.ReptilesTest" time="11.608" errors="0" timestamp="24 Jun 2022 02:52:22 GMT" skipped="0">
  <testcase classname="apps.pets.ReptilesTest" name="GreenIguanaDesc" time="3.564"/>
  <testcase classname="apps.pets.ReptilesTest" name="VenomlessRattlesnakeDesc" time="4.198"/>
  <testcase classname="apps.pets.ReptilesTest" name="RattlelessRattlesnakeDesc" time="3.846"/>
</testsuite> <!-- apps.pets.ReptilesTest -->
