<?xml version="1.0" encoding="UTF-8"?>
<!-- Generated by org.testng.reporters.JUnitReportReporter -->
<testsuite hostname="LAPTOP-Q0O87TP0" failures="0" tests="9" name="apps.pets.OrdersTest" time="37.909" errors="0" timestamp="24 Jun 2022 02:52:22 GMT" skipped="0">
  <testcase classname="apps.pets.OrdersTest" name="Order9079" time="4.059"/>
  <testcase classname="apps.pets.OrdersTest" name="Order87422" time="4.061"/>
  <testcase classname="apps.pets.OrdersTest" name="Order85940" time="4.289"/>
  <testcase classname="apps.pets.OrdersTest" name="Order219350" time="4.343"/>
  <testcase classname="apps.pets.OrdersTest" name="Order9078" time="4.104"/>
  <testcase classname="apps.pets.OrdersTest" name="Order9074" time="4.100"/>
  <testcase classname="apps.pets.OrdersTest" name="Order9073" time="4.199"/>
  <testcase classname="apps.pets.OrdersTest" name="Order9072" time="4.218"/>
  <testcase classname="apps.pets.OrdersTest" name="Order219319" time="4.536"/>
</testsuite> <!-- apps.pets.OrdersTest -->
